.codex-twa/esporteid-twa/app/build/intermediates/manifest_merge_blame_file/release/processReleaseMainManifest/manifest-merger-blame-release-report.txt
1<?xml version="1.0" encoding="utf-8"?>
2<manifest xmlns:android="http://schemas.android.com/apk/res/android"
3    package="com.esporteid.app"
4    android:versionCode="12"
5    android:versionName="7.0.4" >
6
7    <uses-sdk
8        android:minSdkVersion="23"
9        android:targetSdkVersion="35" />
10
11    <uses-permission android:name="android.permission.INTERNET" />
11-->src\main\AndroidManifest.xml:3:5-67
11-->src\main\AndroidManifest.xml:3:22-64
12    <uses-permission android:name="android.permission.ACCESS_NETWORK_STATE" />
12-->src\main\AndroidManifest.xml:4:5-79
12-->src\main\AndroidManifest.xml:4:22-76
13    <uses-permission android:name="android.permission.POST_NOTIFICATIONS" />
13-->src\main\AndroidManifest.xml:5:5-77
13-->src\main\AndroidManifest.xml:5:22-74
14    <uses-permission android:name="android.permission.VIBRATE" />
14-->src\main\AndroidManifest.xml:6:5-66
14-->src\main\AndroidManifest.xml:6:22-63
15    <uses-permission android:name="android.permission.ACCESS_COARSE_LOCATION" />
15-->src\main\AndroidManifest.xml:7:5-81
15-->src\main\AndroidManifest.xml:7:22-78
16    <uses-permission android:name="android.permission.ACCESS_FINE_LOCATION" />
16-->src\main\AndroidManifest.xml:8:5-79
16-->src\main\AndroidManifest.xml:8:22-76
17    <uses-permission android:name="android.permission.WAKE_LOCK" /> <!-- Required by older versions of Google Play services to create IID tokens -->
17-->[com.google.firebase:firebase-messaging:25.0.1] AndroidManifest.xml:24:5-68
17-->[com.google.firebase:firebase-messaging:25.0.1] AndroidManifest.xml:24:22-65
18    <uses-permission android:name="com.google.android.c2dm.permission.RECEIVE" />
18-->[com.google.firebase:firebase-messaging:25.0.1] AndroidManifest.xml:26:5-82
18-->[com.google.firebase:firebase-messaging:25.0.1] AndroidManifest.xml:26:22-79
19
20    <application
20-->src\main\AndroidManifest.xml:10:5-52:19
21        android:name="com.esporteid.app.Application"
21-->src\main\AndroidManifest.xml:11:9-36
22        android:allowBackup="true"
22-->src\main\AndroidManifest.xml:12:9-35
23        android:appComponentFactory="androidx.core.app.CoreComponentFactory"
23-->[androidx.core:core:1.2.0] AndroidManifest.xml:24:18-86
24        android:extractNativeLibs="false"
25        android:hardwareAccelerated="true"
25-->src\main\AndroidManifest.xml:13:9-43
26        android:icon="@mipmap/ic_launcher"
26-->src\main\AndroidManifest.xml:14:9-43
27        android:label="@string/appName"
27-->src\main\AndroidManifest.xml:15:9-40
28        android:supportsRtl="true"
28-->src\main\AndroidManifest.xml:16:9-35
29        android:theme="@style/AppTheme" >
29-->src\main\AndroidManifest.xml:17:9-40
30        <meta-data
30-->src\main\AndroidManifest.xml:19:9-21:37
31            android:name="firebase_messaging_notification_delegation_enabled"
31-->src\main\AndroidManifest.xml:20:13-78
32            android:value="false" />
32-->src\main\AndroidManifest.xml:21:13-34
33
34        <activity
34-->src\main\AndroidManifest.xml:23:9-43:20
35            android:name="com.esporteid.app.LauncherActivity"
35-->src\main\AndroidManifest.xml:24:13-45
36            android:alwaysRetainTaskState="true"
36-->src\main\AndroidManifest.xml:25:13-49
37            android:configChanges="keyboardHidden|orientation|screenSize|uiMode"
37-->src\main\AndroidManifest.xml:26:13-81
38            android:exported="true"
38-->src\main\AndroidManifest.xml:27:13-36
39            android:label="@string/launcherName"
39-->src\main\AndroidManifest.xml:28:13-49
40            android:launchMode="singleTask" >
40-->src\main\AndroidManifest.xml:29:13-44
41            <intent-filter>
41-->src\main\AndroidManifest.xml:30:13-33:29
42                <action android:name="android.intent.action.MAIN" />
42-->src\main\AndroidManifest.xml:31:17-69
42-->src\main\AndroidManifest.xml:31:25-66
43
44                <category android:name="android.intent.category.LAUNCHER" />
44-->src\main\AndroidManifest.xml:32:17-77
44-->src\main\AndroidManifest.xml:32:27-74
45            </intent-filter>
46            <intent-filter android:autoVerify="true" >
46-->src\main\AndroidManifest.xml:35:13-42:29
46-->src\main\AndroidManifest.xml:35:28-53
47                <action android:name="android.intent.action.VIEW" />
47-->src\main\AndroidManifest.xml:36:17-69
47-->src\main\AndroidManifest.xml:36:25-66
48
49                <category android:name="android.intent.category.DEFAULT" />
49-->src\main\AndroidManifest.xml:37:17-76
49-->src\main\AndroidManifest.xml:37:27-73
50                <category android:name="android.intent.category.BROWSABLE" />
50-->src\main\AndroidManifest.xml:38:17-78
50-->src\main\AndroidManifest.xml:38:27-75
51
52                <data
52-->src\main\AndroidManifest.xml:39:17-41:46
53                    android:host="@string/hostName"
53-->src\main\AndroidManifest.xml:40:21-52
54                    android:scheme="https" />
54-->src\main\AndroidManifest.xml:41:21-43
55            </intent-filter>
56        </activity>
57
58        <service
58-->src\main\AndroidManifest.xml:45:9-51:19
59            android:name="com.esporteid.app.EsporteIdFirebaseMessagingService"
59-->src\main\AndroidManifest.xml:46:13-62
60            android:exported="false" >
60-->src\main\AndroidManifest.xml:47:13-37
61            <intent-filter>
61-->src\main\AndroidManifest.xml:48:13-50:29
62                <action android:name="com.google.firebase.MESSAGING_EVENT" />
62-->src\main\AndroidManifest.xml:49:17-78
62-->src\main\AndroidManifest.xml:49:25-75
63            </intent-filter>
64        </service>
65
66        <receiver
66-->[com.google.firebase:firebase-messaging:25.0.1] AndroidManifest.xml:29:9-40:20
67            android:name="com.google.firebase.iid.FirebaseInstanceIdReceiver"
67-->[com.google.firebase:firebase-messaging:25.0.1] AndroidManifest.xml:30:13-78
68            android:exported="true"
68-->[com.google.firebase:firebase-messaging:25.0.1] AndroidManifest.xml:31:13-36
69            android:permission="com.google.android.c2dm.permission.SEND" >
69-->[com.google.firebase:firebase-messaging:25.0.1] AndroidManifest.xml:32:13-73
70            <intent-filter>
70-->[com.google.firebase:firebase-messaging:25.0.1] AndroidManifest.xml:33:13-35:29
71                <action android:name="com.google.android.c2dm.intent.RECEIVE" />
71-->[com.google.firebase:firebase-messaging:25.0.1] AndroidManifest.xml:34:17-81
71-->[com.google.firebase:firebase-messaging:25.0.1] AndroidManifest.xml:34:25-78
72            </intent-filter>
73
74            <meta-data
74-->[com.google.firebase:firebase-messaging:25.0.1] AndroidManifest.xml:37:13-39:40
75                android:name="com.google.android.gms.cloudmessaging.FINISHED_AFTER_HANDLED"
75-->[com.google.firebase:firebase-messaging:25.0.1] AndroidManifest.xml:38:17-92
76                android:value="true" />
76-->[com.google.firebase:firebase-messaging:25.0.1] AndroidManifest.xml:39:17-37
77        </receiver>
78        <!--
79             FirebaseMessagingService performs security checks at runtime,
80             but set to not exported to explicitly avoid allowing another app to call it.
81        -->
82        <service
82-->[com.google.firebase:firebase-messaging:25.0.1] AndroidManifest.xml:46:9-53:19
83            android:name="com.google.firebase.messaging.FirebaseMessagingService"
83-->[com.google.firebase:firebase-messaging:25.0.1] AndroidManifest.xml:47:13-82
84            android:directBootAware="true"
84-->[com.google.firebase:firebase-messaging:25.0.1] AndroidManifest.xml:48:13-43
85            android:exported="false" >
85-->[com.google.firebase:firebase-messaging:25.0.1] AndroidManifest.xml:49:13-37
86            <intent-filter android:priority="-500" >
86-->src\main\AndroidManifest.xml:48:13-50:29
87                <action android:name="com.google.firebase.MESSAGING_EVENT" />
87-->src\main\AndroidManifest.xml:49:17-78
87-->src\main\AndroidManifest.xml:49:25-75
88            </intent-filter>
89        </service>
90        <service
90-->[com.google.firebase:firebase-messaging:25.0.1] AndroidManifest.xml:54:9-63:19
91            android:name="com.google.firebase.components.ComponentDiscoveryService"
91-->[com.google.firebase:firebase-messaging:25.0.1] AndroidManifest.xml:55:13-84
92            android:directBootAware="true"
92-->[com.google.firebase:firebase-common:22.0.1] AndroidManifest.xml:32:13-43
93            android:exported="false" >
93-->[com.google.firebase:firebase-messaging:25.0.1] AndroidManifest.xml:56:13-37
94            <meta-data
94-->[com.google.firebase:firebase-messaging:25.0.1] AndroidManifest.xml:57:13-59:85
95                android:name="com.google.firebase.components:com.google.firebase.messaging.FirebaseMessagingKtxRegistrar"
95-->[com.google.firebase:firebase-messaging:25.0.1] AndroidManifest.xml:58:17-122
96                android:value="com.google.firebase.components.ComponentRegistrar" />
96-->[com.google.firebase:firebase-messaging:25.0.1] AndroidManifest.xml:59:17-82
97            <meta-data
97-->[com.google.firebase:firebase-messaging:25.0.1] AndroidManifest.xml:60:13-62:85
98                android:name="com.google.firebase.components:com.google.firebase.messaging.FirebaseMessagingRegistrar"
98-->[com.google.firebase:firebase-messaging:25.0.1] AndroidManifest.xml:61:17-119
99                android:value="com.google.firebase.components.ComponentRegistrar" />
99-->[com.google.firebase:firebase-messaging:25.0.1] AndroidManifest.xml:62:17-82
100            <meta-data
100-->[com.google.firebase:firebase-installations:19.0.1] AndroidManifest.xml:15:13-17:85
101                android:name="com.google.firebase.components:com.google.firebase.installations.FirebaseInstallationsKtxRegistrar"
101-->[com.google.firebase:firebase-installations:19.0.1] AndroidManifest.xml:16:17-130
102                android:value="com.google.firebase.components.ComponentRegistrar" />
102-->[com.google.firebase:firebase-installations:19.0.1] AndroidManifest.xml:17:17-82
103            <meta-data
103-->[com.google.firebase:firebase-installations:19.0.1] AndroidManifest.xml:18:13-20:85
104                android:name="com.google.firebase.components:com.google.firebase.installations.FirebaseInstallationsRegistrar"
104-->[com.google.firebase:firebase-installations:19.0.1] AndroidManifest.xml:19:17-127
105                android:value="com.google.firebase.components.ComponentRegistrar" />
105-->[com.google.firebase:firebase-installations:19.0.1] AndroidManifest.xml:20:17-82
106            <meta-data
106-->[com.google.firebase:firebase-common:22.0.1] AndroidManifest.xml:35:13-37:85
107                android:name="com.google.firebase.components:com.google.firebase.FirebaseCommonKtxRegistrar"
107-->[com.google.firebase:firebase-common:22.0.1] AndroidManifest.xml:36:17-109
108                android:value="com.google.firebase.components.ComponentRegistrar" />
108-->[com.google.firebase:firebase-common:22.0.1] AndroidManifest.xml:37:17-82
109            <meta-data
109-->[com.google.firebase:firebase-datatransport:18.2.0] AndroidManifest.xml:25:13-27:85
110                android:name="com.google.firebase.components:com.google.firebase.datatransport.TransportRegistrar"
110-->[com.google.firebase:firebase-datatransport:18.2.0] AndroidManifest.xml:26:17-115
111                android:value="com.google.firebase.components.ComponentRegistrar" />
111-->[com.google.firebase:firebase-datatransport:18.2.0] AndroidManifest.xml:27:17-82
112        </service>
113
114        <provider
114-->[com.google.firebase:firebase-common:22.0.1] AndroidManifest.xml:23:9-28:39
115            android:name="com.google.firebase.provider.FirebaseInitProvider"
115-->[com.google.firebase:firebase-common:22.0.1] AndroidManifest.xml:24:13-77
116            android:authorities="com.esporteid.app.firebaseinitprovider"
116-->[com.google.firebase:firebase-common:22.0.1] AndroidManifest.xml:25:13-72
117            android:directBootAware="true"
117-->[com.google.firebase:firebase-common:22.0.1] AndroidManifest.xml:26:13-43
118            android:exported="false"
118-->[com.google.firebase:firebase-common:22.0.1] AndroidManifest.xml:27:13-37
119            android:initOrder="100" />
119-->[com.google.firebase:firebase-common:22.0.1] AndroidManifest.xml:28:13-36
120
121        <service
121-->[com.google.android.datatransport:transport-backend-cct:3.1.9] AndroidManifest.xml:28:9-34:19
122            android:name="com.google.android.datatransport.runtime.backends.TransportBackendDiscovery"
122-->[com.google.android.datatransport:transport-backend-cct:3.1.9] AndroidManifest.xml:29:13-103
123            android:exported="false" >
123-->[com.google.android.datatransport:transport-backend-cct:3.1.9] AndroidManifest.xml:30:13-37
124            <meta-data
124-->[com.google.android.datatransport:transport-backend-cct:3.1.9] AndroidManifest.xml:31:13-33:39
125                android:name="backend:com.google.android.datatransport.cct.CctBackendFactory"
125-->[com.google.android.datatransport:transport-backend-cct:3.1.9] AndroidManifest.xml:32:17-94
126                android:value="cct" />
126-->[com.google.android.datatransport:transport-backend-cct:3.1.9] AndroidManifest.xml:33:17-36
127        </service>
128        <service
128-->[com.google.android.datatransport:transport-runtime:3.1.9] AndroidManifest.xml:26:9-30:19
129            android:name="com.google.android.datatransport.runtime.scheduling.jobscheduling.JobInfoSchedulerService"
129-->[com.google.android.datatransport:transport-runtime:3.1.9] AndroidManifest.xml:27:13-117
130            android:exported="false"
130-->[com.google.android.datatransport:transport-runtime:3.1.9] AndroidManifest.xml:28:13-37
131            android:permission="android.permission.BIND_JOB_SERVICE" >
131-->[com.google.android.datatransport:transport-runtime:3.1.9] AndroidManifest.xml:29:13-69
132        </service>
133
134        <receiver
134-->[com.google.android.datatransport:transport-runtime:3.1.9] AndroidManifest.xml:32:9-34:40
135            android:name="com.google.android.datatransport.runtime.scheduling.jobscheduling.AlarmManagerSchedulerBroadcastReceiver"
135-->[com.google.android.datatransport:transport-runtime:3.1.9] AndroidManifest.xml:33:13-132
136            android:exported="false" />
136-->[com.google.android.datatransport:transport-runtime:3.1.9] AndroidManifest.xml:34:13-37
137
138        <activity
138-->[com.google.android.gms:play-services-base:18.1.0] AndroidManifest.xml:20:9-22:45
139            android:name="com.google.android.gms.common.api.GoogleApiActivity"
139-->[com.google.android.gms:play-services-base:18.1.0] AndroidManifest.xml:20:19-85
140            android:exported="false"
140-->[com.google.android.gms:play-services-base:18.1.0] AndroidManifest.xml:22:19-43
141            android:theme="@android:style/Theme.Translucent.NoTitleBar" />
141-->[com.google.android.gms:play-services-base:18.1.0] AndroidManifest.xml:21:19-78
142
143        <meta-data
143-->[com.google.android.gms:play-services-basement:18.3.0] AndroidManifest.xml:21:9-23:69
144            android:name="com.google.android.gms.version"
144-->[com.google.android.gms:play-services-basement:18.3.0] AndroidManifest.xml:22:13-58
145            android:value="@integer/google_play_services_version" />
145-->[com.google.android.gms:play-services-basement:18.3.0] AndroidManifest.xml:23:13-66
146    </application>
147
148</manifest>